<?xml version="1.0" encoding="UTF-8"?>
<!-- Generated by org.testng.reporters.JUnitReportReporter -->
<testsuite hostname="Felipe-Rossi" failures="0" tests="1" name="tests.T001KnifeTest" time="46.340" errors="0" timestamp="2023-06-19T11:20:53 BRT" skipped="0">
  <testcase classname="tests.T001KnifeTest" name="acessarSteam" time="46.340"/>
  <system-out/>
</testsuite> <!-- tests.T001KnifeTest -->
